2021-11-30T22:22:09+00:00 DEBUG POST https://connect.woocommerce.com/ppc/v2/customer/partner-referrals
Request Body: {"partner_config_override":{"partner_logo_url":"https:\/\/connect.woocommerce.com\/images\/woocommerce_logo.png","return_url":"http:\/\/localhost\/sport\/wp-admin\/admin.php?page=wc-settings&tab=checkout&section=ppcp-gateway","return_url_description":"Return to your shop.","show_add_credit_card":true},"products":["EXPRESS_CHECKOUT"],"legal_consents":[{"type":"SHARE_DATA_CONSENT","granted":true}],"operations":[{"operation":"API_INTEGRATION","api_integration_preference":{"rest_api_integration":{"integration_method":"PAYPAL","integration_type":"FIRST_PARTY","first_party_details":{"features":["PAYMENT","FUTURE_PAYMENT","REFUND","ADVANCED_TRANSACTIONS_SEARCH","VAULT"],"seller_nonce":"a1233wtergfsdt4365tzrshgfbaewa36AGa1233wtergfsdt4365tzrshgfbaewa36AG"}}}}]}
Response Debug ID: 5ca41cff9be5e
Response: Array
(
    [code] => 201
    [message] => Created
)


2021-11-30T22:26:57+00:00 DEBUG POST https://api.sandbox.paypal.com/v2/checkout/orders
Request Body: {"intent":"CAPTURE","purchase_units":[{"reference_id":"default","amount":{"currency_code":"MXN","value":"436.95","breakdown":{"item_total":{"currency_code":"MXN","value":"436.95"},"shipping":{"currency_code":"MXN","value":"0.00"},"tax_total":{"currency_code":"MXN","value":"0.00"}}},"description":"","items":[{"name":"Luxury watch","unit_amount":{"currency_code":"MXN","value":"169.99"},"quantity":1,"description":"Lorem ipsum dolor sit amet, consectetur adipiscing elit, sed do eiusmod tempor incididunt ut labore et dolore magna aliqua. Ut ","sku":"","category":"PHYSICAL_GOODS","tax":{"currency_code":"MXN","value":"0.00"}},{"name":"Hand bag","unit_amount":{"currency_code":"MXN","value":"160.00"},"quantity":1,"description":"Lorem ipsum dolor sit amet, consectetur adipiscing elit, sed do eiusmod tempor incididunt ut labore et dolore magna aliqua. Ut ","sku":"","category":"PHYSICAL_GOODS","tax":{"currency_code":"MXN","value":"0.00"}},{"name":"Casual shirt","unit_amount":{"currency_code":"MXN","value":"12.00"},"quantity":1,"description":"Lorem ipsum dolor sit amet, consectetur adipiscing elit, sed do eiusmod tempor incididunt ut labore et dolore magna aliqua. Ut ","sku":"","category":"PHYSICAL_GOODS","tax":{"currency_code":"MXN","value":"0.00"}},{"name":"Freedom dress","unit_amount":{"currency_code":"MXN","value":"22.74"},"quantity":2,"description":"Lorem ipsum dolor sit amet, consectetur adipiscing elit, sed do eiusmod tempor incididunt ut labore et dolore magna aliqua. Ut ","sku":"","category":"PHYSICAL_GOODS","tax":{"currency_code":"MXN","value":"0.00"}},{"name":"Light blue denim shirt","unit_amount":{"currency_code":"MXN","value":"32.49"},"quantity":1,"description":"Lorem ipsum dolor sit amet, consectetur adipiscing elit, sed do eiusmod tempor incididunt ut labore et dolore magna aliqua. Ut ","sku":"","category":"PHYSICAL_GOODS","tax":{"currency_code":"MXN","value":"0.00"}},{"name":"Classy top","unit_amount":{"currency_code":"MXN","value":"16.99"},"quantity":1,"description":"Lorem ipsum dolor sit amet, consectetur adipiscing elit, sed do eiusmod tempor incididunt ut labore et dolore magna aliqua. Ut ","sku":"","category":"PHYSICAL_GOODS","tax":{"currency_code":"MXN","value":"0.00"}}],"payee":{"merchant_id":"G7W728BRS9QAL"},"shipping":{"name":{"full_name":"John Doe"},"address":{"country_code":"MX","address_line_1":"Av. Nuevas Tecnolog\u00edas","address_line_2":"","admin_area_1":"TM","admin_area_2":"Victoria","postal_code":"87138"}}}],"application_context":{"user_action":"CONTINUE","shipping_preference":"GET_FROM_FILE","landing_page":"LOGIN","locale":"es-MX","return_url":"http:\/\/localhost\/sport\/sport\/?wc-ajax=ppc-return-url","cancel_url":"http:\/\/localhost\/sport\/checkout\/"},"payment_method":{"payee_preferred":"UNRESTRICTED","payer_selected":"PAYPAL"}}
Response Debug ID: 37f710e2e7cc8
Response: Array
(
    [code] => 201
    [message] => Created
)


2021-11-30T22:26:58+00:00 DEBUG POST https://api.sandbox.paypal.com/v2/checkout/orders
Request Body: {"intent":"CAPTURE","purchase_units":[{"reference_id":"default","amount":{"currency_code":"MXN","value":"436.95","breakdown":{"item_total":{"currency_code":"MXN","value":"436.95"},"shipping":{"currency_code":"MXN","value":"0.00"},"tax_total":{"currency_code":"MXN","value":"0.00"}}},"description":"","items":[{"name":"Luxury watch","unit_amount":{"currency_code":"MXN","value":"169.99"},"quantity":1,"description":"Lorem ipsum dolor sit amet, consectetur adipiscing elit, sed do eiusmod tempor incididunt ut labore et dolore magna aliqua. Ut ","sku":"","category":"PHYSICAL_GOODS","tax":{"currency_code":"MXN","value":"0.00"}},{"name":"Hand bag","unit_amount":{"currency_code":"MXN","value":"160.00"},"quantity":1,"description":"Lorem ipsum dolor sit amet, consectetur adipiscing elit, sed do eiusmod tempor incididunt ut labore et dolore magna aliqua. Ut ","sku":"","category":"PHYSICAL_GOODS","tax":{"currency_code":"MXN","value":"0.00"}},{"name":"Casual shirt","unit_amount":{"currency_code":"MXN","value":"12.00"},"quantity":1,"description":"Lorem ipsum dolor sit amet, consectetur adipiscing elit, sed do eiusmod tempor incididunt ut labore et dolore magna aliqua. Ut ","sku":"","category":"PHYSICAL_GOODS","tax":{"currency_code":"MXN","value":"0.00"}},{"name":"Freedom dress","unit_amount":{"currency_code":"MXN","value":"22.74"},"quantity":2,"description":"Lorem ipsum dolor sit amet, consectetur adipiscing elit, sed do eiusmod tempor incididunt ut labore et dolore magna aliqua. Ut ","sku":"","category":"PHYSICAL_GOODS","tax":{"currency_code":"MXN","value":"0.00"}},{"name":"Light blue denim shirt","unit_amount":{"currency_code":"MXN","value":"32.49"},"quantity":1,"description":"Lorem ipsum dolor sit amet, consectetur adipiscing elit, sed do eiusmod tempor incididunt ut labore et dolore magna aliqua. Ut ","sku":"","category":"PHYSICAL_GOODS","tax":{"currency_code":"MXN","value":"0.00"}},{"name":"Classy top","unit_amount":{"currency_code":"MXN","value":"16.99"},"quantity":1,"description":"Lorem ipsum dolor sit amet, consectetur adipiscing elit, sed do eiusmod tempor incididunt ut labore et dolore magna aliqua. Ut ","sku":"","category":"PHYSICAL_GOODS","tax":{"currency_code":"MXN","value":"0.00"}}],"payee":{"merchant_id":"G7W728BRS9QAL"},"shipping":{"name":{"full_name":"John Doe"},"address":{"country_code":"MX","address_line_1":"Av. Nuevas Tecnolog\u00edas","address_line_2":"","admin_area_1":"TM","admin_area_2":"Victoria","postal_code":"87138"}}}],"application_context":{"user_action":"CONTINUE","shipping_preference":"GET_FROM_FILE","landing_page":"LOGIN","locale":"es-MX","return_url":"http:\/\/localhost\/sport\/sport\/?wc-ajax=ppc-return-url","cancel_url":"http:\/\/localhost\/sport\/checkout\/"},"payment_method":{"payee_preferred":"UNRESTRICTED","payer_selected":"PAYPAL"}}
Response Debug ID: c5f96033cdf2
Response: Array
(
    [code] => 201
    [message] => Created
)


2021-11-30T22:27:39+00:00 DEBUG  https://api.sandbox.paypal.com/v2/checkout/orders/64L00382TD379504W
Response Debug ID: b4fcc8984ed39
Response: Array
(
    [code] => 200
    [message] => OK
)


2021-11-30T22:27:52+00:00 DEBUG PATCH https://api.sandbox.paypal.com/v2/checkout/orders/64L00382TD379504W
Request Body: [{"op":"replace","value":{"reference_id":"default","amount":{"currency_code":"MXN","value":"436.95","breakdown":{"item_total":{"currency_code":"MXN","value":"436.95"},"shipping":{"currency_code":"MXN","value":"0.00"},"tax_total":{"currency_code":"MXN","value":"0.00"}}},"description":"","items":[{"name":"Luxury watch","unit_amount":{"currency_code":"MXN","value":"169.99"},"quantity":1,"description":"Lorem ipsum dolor sit amet, consectetur adipiscing elit, sed do eiusmod tempor incididunt ut labore et dolore magna aliqua. Ut ","sku":"","category":"PHYSICAL_GOODS","tax":{"currency_code":"MXN","value":"0.00"}},{"name":"Hand bag","unit_amount":{"currency_code":"MXN","value":"160.00"},"quantity":1,"description":"Lorem ipsum dolor sit amet, consectetur adipiscing elit, sed do eiusmod tempor incididunt ut labore et dolore magna aliqua. Ut ","sku":"","category":"PHYSICAL_GOODS","tax":{"currency_code":"MXN","value":"0.00"}},{"name":"Casual shirt","unit_amount":{"currency_code":"MXN","value":"12.00"},"quantity":1,"description":"Lorem ipsum dolor sit amet, consectetur adipiscing elit, sed do eiusmod tempor incididunt ut labore et dolore magna aliqua. Ut ","sku":"","category":"PHYSICAL_GOODS","tax":{"currency_code":"MXN","value":"0.00"}},{"name":"Freedom dress","unit_amount":{"currency_code":"MXN","value":"22.74"},"quantity":2,"description":"Lorem ipsum dolor sit amet, consectetur adipiscing elit, sed do eiusmod tempor incididunt ut labore et dolore magna aliqua. Ut ","sku":"","category":"PHYSICAL_GOODS","tax":{"currency_code":"MXN","value":"0.00"}},{"name":"Light blue denim shirt","unit_amount":{"currency_code":"MXN","value":"32.49"},"quantity":1,"description":"Lorem ipsum dolor sit amet, consectetur adipiscing elit, sed do eiusmod tempor incididunt ut labore et dolore magna aliqua. Ut ","sku":"","category":"PHYSICAL_GOODS","tax":{"currency_code":"MXN","value":"0.00"}},{"name":"Classy top","unit_amount":{"currency_code":"MXN","value":"16.99"},"quantity":1,"description":"Lorem ipsum dolor sit amet, consectetur adipiscing elit, sed do eiusmod tempor incididunt ut labore et dolore magna aliqua. Ut ","sku":"","category":"PHYSICAL_GOODS","tax":{"currency_code":"MXN","value":"0.00"}}],"payee":{"merchant_id":"G7W728BRS9QAL"},"custom_id":"7333","invoice_id":"7333","shipping":{"name":{"full_name":"John Doe"},"address":{"country_code":"MX","address_line_1":"Av. Nuevas Tecnolog\u00edas","address_line_2":"","admin_area_1":"TM","admin_area_2":"Victoria","postal_code":"87138"}}},"path":"\/purchase_units\/@reference_id=='default'"}]
Response Debug ID: 7730bbb5764e0
Response: Array
(
    [code] => 204
    [message] => No Content
)


2021-11-30T22:27:53+00:00 DEBUG  https://api.sandbox.paypal.com/v2/checkout/orders/64L00382TD379504W
Response Debug ID: f928bff9974b5
Response: Array
(
    [code] => 200
    [message] => OK
)


2021-11-30T22:27:55+00:00 DEBUG POST https://api.sandbox.paypal.com/v2/checkout/orders/64L00382TD379504W/capture
Response Debug ID: b4dae2df07483
Response: Array
(
    [code] => 201
    [message] => Created
)


