2021-12-04T20:34:58+00:00 DEBUG POST https://api.sandbox.paypal.com/v1/oauth2/token?grant_type=client_credentials
Response Debug ID: 5d28a30503a64
Response: Array
(
    [code] => 200
    [message] => OK
)


2021-12-04T20:34:59+00:00 DEBUG POST https://api.sandbox.paypal.com/v2/checkout/orders
Request Body: {"intent":"CAPTURE","purchase_units":[{"reference_id":"default","amount":{"currency_code":"MXN","value":"586.00","breakdown":{"item_total":{"currency_code":"MXN","value":"586.00"},"shipping":{"currency_code":"MXN","value":"0.00"},"tax_total":{"currency_code":"MXN","value":"0.00"}}},"description":"","items":[{"name":"Zapatillas deportivas calcet\u00edn minimalista","unit_amount":{"currency_code":"MXN","value":"586.00"},"quantity":1,"description":"","sku":"","category":"PHYSICAL_GOODS","tax":{"currency_code":"MXN","value":"0.00"}}],"payee":{"merchant_id":"G7W728BRS9QAL"}}],"application_context":{"user_action":"CONTINUE","shipping_preference":"NO_SHIPPING","landing_page":"LOGIN","locale":"es-MX","return_url":"http:\/\/localhost\/sport\/sport\/?wc-ajax=ppc-return-url","cancel_url":"http:\/\/localhost\/sport\/checkout\/"},"payer":{"name":{"given_name":"","surname":""},"email_address":"1530442@upv.edu.mx","address":{"country_code":"MX","address_line_1":"","address_line_2":"","admin_area_1":"TM","admin_area_2":"","postal_code":""}},"payment_method":{"payee_preferred":"UNRESTRICTED","payer_selected":"PAYPAL"}}
Response Debug ID: e66adff97c58b
Response: Array
(
    [code] => 201
    [message] => Created
)


2021-12-04T20:35:37+00:00 DEBUG POST https://api.sandbox.paypal.com/v2/checkout/orders
Request Body: {"intent":"CAPTURE","purchase_units":[{"reference_id":"default","amount":{"currency_code":"MXN","value":"586.00","breakdown":{"item_total":{"currency_code":"MXN","value":"586.00"},"shipping":{"currency_code":"MXN","value":"0.00"},"tax_total":{"currency_code":"MXN","value":"0.00"}}},"description":"","items":[{"name":"Zapatillas deportivas calcet\u00edn minimalista","unit_amount":{"currency_code":"MXN","value":"586.00"},"quantity":1,"description":"","sku":"","category":"PHYSICAL_GOODS","tax":{"currency_code":"MXN","value":"0.00"}}],"payee":{"merchant_id":"G7W728BRS9QAL"}}],"application_context":{"user_action":"CONTINUE","shipping_preference":"NO_SHIPPING","landing_page":"LOGIN","locale":"es-MX","return_url":"http:\/\/localhost\/sport\/sport\/?wc-ajax=ppc-return-url","cancel_url":"http:\/\/localhost\/sport\/checkout\/"},"payer":{"name":{"given_name":"","surname":""},"email_address":"1530442@upv.edu.mx","address":{"country_code":"MX","address_line_1":"","address_line_2":"","admin_area_1":"TM","admin_area_2":"","postal_code":""}},"payment_method":{"payee_preferred":"UNRESTRICTED","payer_selected":"PAYPAL"}}
Response Debug ID: 134cd8666d6ee
Response: Array
(
    [code] => 201
    [message] => Created
)


